{"/home/debora-bo/dev/student-api/src/app.controller.ts": {"path":"/home/debora-bo/dev/student-api/src/app.controller.ts","statementMap":{"0":{"start":{"line":1,"column":0},"end":{"line":1,"column":77}},"1":{"start":{"line":2,"column":0},"end":{"line":2,"column":43}},"2":{"start":{"line":13,"column":29},"end":{"line":30,"column":2}},"3":{"start":{"line":33,"column":0},"end":{"line":100,"column":null}},"4":{"start":{"line":34,"column":31},"end":{"line":34,"column":43}},"5":{"start":{"line":38,"column":4},"end":{"line":38,"column":38}},"6":{"start":{"line":43,"column":4},"end":{"line":43,"column":26}},"7":{"start":{"line":44,"column":20},"end":{"line":44,"column":69}},"8":{"start":{"line":45,"column":4},"end":{"line":50,"column":null}},"9":{"start":{"line":46,"column":6},"end":{"line":49,"column":8}},"10":{"start":{"line":51,"column":4},"end":{"line":51,"column":29}},"11":{"start":{"line":52,"column":4},"end":{"line":52,"column":19}},"12":{"start":{"line":61,"column":4},"end":{"line":61,"column":50}},"13":{"start":{"line":62,"column":4},"end":{"line":64,"column":null}},"14":{"start":{"line":63,"column":6},"end":{"line":63,"column":70}},"15":{"start":{"line":65,"column":4},"end":{"line":67,"column":null}},"16":{"start":{"line":66,"column":6},"end":{"line":66,"column":73}},"17":{"start":{"line":68,"column":4},"end":{"line":78,"column":6}},"18":{"start":{"line":79,"column":4},"end":{"line":79,"column":29}},"19":{"start":{"line":87,"column":4},"end":{"line":89,"column":null}},"20":{"start":{"line":88,"column":6},"end":{"line":88,"column":70}},"21":{"start":{"line":90,"column":4},"end":{"line":92,"column":null}},"22":{"start":{"line":91,"column":6},"end":{"line":91,"column":69}},"23":{"start":{"line":93,"column":4},"end":{"line":97,"column":6}},"24":{"start":{"line":98,"column":4},"end":{"line":98,"column":29}},"25":{"start":{"line":37,"column":2},"end":{"line":39,"column":null}},"26":{"start":{"line":42,"column":2},"end":{"line":53,"column":null}},"27":{"start":{"line":56,"column":2},"end":{"line":80,"column":null}},"28":{"start":{"line":83,"column":2},"end":{"line":99,"column":null}},"29":{"start":{"line":33,"column":13},"end":{"line":100,"column":null}},"30":{"start":{"line":33,"column":13},"end":{"line":33,"column":26}}},"fnMap":{"0":{"name":"(anonymous_4)","decl":{"start":{"line":34,"column":2},"end":{"line":34,"column":31}},"loc":{"start":{"line":34,"column":53},"end":{"line":34,"column":57}}},"1":{"name":"(anonymous_5)","decl":{"start":{"line":37,"column":2},"end":{"line":37,"column":10}},"loc":{"start":{"line":37,"column":10},"end":{"line":39,"column":3}}},"2":{"name":"(anonymous_6)","decl":{"start":{"line":42,"column":2},"end":{"line":42,"column":12}},"loc":{"start":{"line":42,"column":48},"end":{"line":53,"column":3}}},"3":{"name":"(anonymous_7)","decl":{"start":{"line":56,"column":2},"end":{"line":56,"column":7}},"loc":{"start":{"line":59,"column":51},"end":{"line":80,"column":3}}},"4":{"name":"(anonymous_8)","decl":{"start":{"line":83,"column":2},"end":{"line":83,"column":27}},"loc":{"start":{"line":85,"column":39},"end":{"line":99,"column":3}}}},"branchMap":{"0":{"loc":{"start":{"line":45,"column":4},"end":{"line":50,"column":null}},"type":"if","locations":[{"start":{"line":45,"column":4},"end":{"line":50,"column":null}},{"start":{"line":45,"column":4},"end":{"line":50,"column":null}}]},"1":{"loc":{"start":{"line":62,"column":4},"end":{"line":64,"column":null}},"type":"if","locations":[{"start":{"line":62,"column":4},"end":{"line":64,"column":null}},{"start":{"line":62,"column":4},"end":{"line":64,"column":null}}]},"2":{"loc":{"start":{"line":65,"column":4},"end":{"line":67,"column":null}},"type":"if","locations":[{"start":{"line":65,"column":4},"end":{"line":67,"column":null}},{"start":{"line":65,"column":4},"end":{"line":67,"column":null}}]},"3":{"loc":{"start":{"line":87,"column":4},"end":{"line":89,"column":null}},"type":"if","locations":[{"start":{"line":87,"column":4},"end":{"line":89,"column":null}},{"start":{"line":87,"column":4},"end":{"line":89,"column":null}}]},"4":{"loc":{"start":{"line":90,"column":4},"end":{"line":92,"column":null}},"type":"if","locations":[{"start":{"line":90,"column":4},"end":{"line":92,"column":null}},{"start":{"line":90,"column":4},"end":{"line":92,"column":null}}]}},"s":{"0":2,"1":2,"2":2,"3":2,"4":2,"5":2,"6":0,"7":0,"8":0,"9":0,"10":0,"11":0,"12":0,"13":0,"14":0,"15":0,"16":0,"17":0,"18":0,"19":0,"20":0,"21":0,"22":0,"23":0,"24":0,"25":2,"26":2,"27":2,"28":2,"29":2,"30":2},"f":{"0":2,"1":2,"2":0,"3":0,"4":0},"b":{"0":[0,0],"1":[0,0],"2":[0,0],"3":[0,0],"4":[0,0]}}
,"/home/debora-bo/dev/student-api/src/app.module.ts": {"path":"/home/debora-bo/dev/student-api/src/app.module.ts","statementMap":{"0":{"start":{"line":1,"column":0},"end":{"line":1,"column":52}},"1":{"start":{"line":2,"column":0},"end":{"line":2,"column":49}},"2":{"start":{"line":3,"column":0},"end":{"line":3,"column":43}},"3":{"start":{"line":10,"column":0},"end":{"line":10,"column":null}},"4":{"start":{"line":10,"column":13},"end":{"line":10,"column":null}},"5":{"start":{"line":10,"column":13},"end":{"line":10,"column":22}}},"fnMap":{},"branchMap":{},"s":{"0":1,"1":1,"2":1,"3":1,"4":1,"5":1},"f":{},"b":{}}
,"/home/debora-bo/dev/student-api/src/app.service.ts": {"path":"/home/debora-bo/dev/student-api/src/app.service.ts","statementMap":{"0":{"start":{"line":1,"column":0},"end":{"line":1,"column":65}},"1":{"start":{"line":14,"column":0},"end":{"line":80,"column":null}},"2":{"start":{"line":15,"column":22},"end":{"line":15,"column":28}},"3":{"start":{"line":17,"column":4},"end":{"line":17,"column":26}},"4":{"start":{"line":21,"column":4},"end":{"line":21,"column":32}},"5":{"start":{"line":21,"column":19},"end":{"line":21,"column":32}},"6":{"start":{"line":22,"column":4},"end":{"line":24,"column":null}},"7":{"start":{"line":23,"column":6},"end":{"line":23,"column":65}},"8":{"start":{"line":23,"column":53},"end":{"line":23,"column":65}},"9":{"start":{"line":25,"column":4},"end":{"line":25,"column":17}},"10":{"start":{"line":29,"column":25},"end":{"line":29,"column":55}},"11":{"start":{"line":31,"column":4},"end":{"line":33,"column":49}},"12":{"start":{"line":32,"column":6},"end":{"line":32,"column":63}},"13":{"start":{"line":34,"column":4},"end":{"line":34,"column":29}},"14":{"start":{"line":41,"column":4},"end":{"line":41,"column":57}},"15":{"start":{"line":42,"column":4},"end":{"line":42,"column":33}},"16":{"start":{"line":43,"column":4},"end":{"line":43,"column":23}},"17":{"start":{"line":47,"column":4},"end":{"line":55,"column":null}},"18":{"start":{"line":48,"column":20},"end":{"line":48,"column":38}},"19":{"start":{"line":49,"column":6},"end":{"line":49,"column":46}},"20":{"start":{"line":51,"column":6},"end":{"line":54,"column":null}},"21":{"start":{"line":52,"column":8},"end":{"line":52,"column":64}},"22":{"start":{"line":53,"column":8},"end":{"line":53,"column":23}},"23":{"start":{"line":56,"column":4},"end":{"line":56,"column":16}},"24":{"start":{"line":60,"column":4},"end":{"line":65,"column":null}},"25":{"start":{"line":61,"column":6},"end":{"line":64,"column":null}},"26":{"start":{"line":62,"column":8},"end":{"line":62,"column":63}},"27":{"start":{"line":63,"column":8},"end":{"line":63,"column":27}},"28":{"start":{"line":66,"column":4},"end":{"line":66,"column":16}},"29":{"start":{"line":70,"column":4},"end":{"line":70,"column":44}},"30":{"start":{"line":70,"column":35},"end":{"line":70,"column":44}},"31":{"start":{"line":72,"column":22},"end":{"line":72,"column":23}},"32":{"start":{"line":74,"column":4},"end":{"line":76,"column":null}},"33":{"start":{"line":75,"column":6},"end":{"line":75,"column":35}},"34":{"start":{"line":78,"column":4},"end":{"line":78,"column":15}},"35":{"start":{"line":14,"column":13},"end":{"line":80,"column":null}},"36":{"start":{"line":14,"column":13},"end":{"line":14,"column":23}}},"fnMap":{"0":{"name":"(anonymous_2)","decl":{"start":{"line":15,"column":2},"end":{"line":15,"column":22}},"loc":{"start":{"line":15,"column":39},"end":{"line":15,"column":43}}},"1":{"name":"(anonymous_3)","decl":{"start":{"line":16,"column":2},"end":{"line":16,"column":10}},"loc":{"start":{"line":16,"column":10},"end":{"line":18,"column":3}}},"2":{"name":"(anonymous_4)","decl":{"start":{"line":20,"column":2},"end":{"line":20,"column":17}},"loc":{"start":{"line":20,"column":58},"end":{"line":26,"column":3}}},"3":{"name":"(anonymous_5)","decl":{"start":{"line":28,"column":2},"end":{"line":28,"column":7}},"loc":{"start":{"line":28,"column":24},"end":{"line":35,"column":3}}},"4":{"name":"(anonymous_6)","decl":{"start":{"line":37,"column":2},"end":{"line":37,"column":7}},"loc":{"start":{"line":39,"column":26},"end":{"line":44,"column":3}}},"5":{"name":"(anonymous_7)","decl":{"start":{"line":46,"column":2},"end":{"line":46,"column":12}},"loc":{"start":{"line":46,"column":34},"end":{"line":57,"column":3}}},"6":{"name":"(anonymous_8)","decl":{"start":{"line":59,"column":2},"end":{"line":59,"column":28}},"loc":{"start":{"line":59,"column":60},"end":{"line":67,"column":3}}},"7":{"name":"(anonymous_9)","decl":{"start":{"line":69,"column":2},"end":{"line":69,"column":18}},"loc":{"start":{"line":69,"column":35},"end":{"line":79,"column":3}}}},"branchMap":{"0":{"loc":{"start":{"line":21,"column":4},"end":{"line":21,"column":32}},"type":"if","locations":[{"start":{"line":21,"column":4},"end":{"line":21,"column":32}},{"start":{"line":21,"column":4},"end":{"line":21,"column":32}}]},"1":{"loc":{"start":{"line":23,"column":6},"end":{"line":23,"column":65}},"type":"if","locations":[{"start":{"line":23,"column":6},"end":{"line":23,"column":65}},{"start":{"line":23,"column":6},"end":{"line":23,"column":65}}]},"2":{"loc":{"start":{"line":51,"column":6},"end":{"line":54,"column":null}},"type":"if","locations":[{"start":{"line":51,"column":6},"end":{"line":54,"column":null}},{"start":{"line":51,"column":6},"end":{"line":54,"column":null}}]},"3":{"loc":{"start":{"line":61,"column":6},"end":{"line":64,"column":null}},"type":"if","locations":[{"start":{"line":61,"column":6},"end":{"line":64,"column":null}},{"start":{"line":61,"column":6},"end":{"line":64,"column":null}}]},"4":{"loc":{"start":{"line":70,"column":4},"end":{"line":70,"column":44}},"type":"if","locations":[{"start":{"line":70,"column":4},"end":{"line":70,"column":44}},{"start":{"line":70,"column":4},"end":{"line":70,"column":44}}]},"5":{"loc":{"start":{"line":70,"column":8},"end":{"line":70,"column":15}},"type":"binary-expr","locations":[{"start":{"line":70,"column":8},"end":{"line":70,"column":15}},{"start":{"line":70,"column":19},"end":{"line":70,"column":33}}]}},"s":{"0":3,"1":3,"2":3,"3":2,"4":0,"5":0,"6":0,"7":0,"8":0,"9":0,"10":0,"11":0,"12":0,"13":0,"14":0,"15":0,"16":0,"17":0,"18":0,"19":0,"20":0,"21":0,"22":0,"23":0,"24":0,"25":0,"26":0,"27":0,"28":0,"29":3,"30":2,"31":1,"32":1,"33":4,"34":1,"35":3,"36":3},"f":{"0":3,"1":2,"2":0,"3":0,"4":0,"5":0,"6":0,"7":3},"b":{"0":[0,0],"1":[0,0],"2":[0,0],"3":[0,0],"4":[2,1],"5":[3,2]}}
}
