{"/home/debora-bo/dev/student-api/src/app.controller.ts": {"path":"/home/debora-bo/dev/student-api/src/app.controller.ts","statementMap":{"0":{"start":{"line":1,"column":0},"end":{"line":1,"column":77}},"1":{"start":{"line":2,"column":0},"end":{"line":2,"column":43}},"2":{"start":{"line":13,"column":29},"end":{"line":30,"column":2}},"3":{"start":{"line":33,"column":0},"end":{"line":95,"column":null}},"4":{"start":{"line":34,"column":31},"end":{"line":34,"column":43}},"5":{"start":{"line":38,"column":4},"end":{"line":38,"column":38}},"6":{"start":{"line":43,"column":20},"end":{"line":43,"column":69}},"7":{"start":{"line":44,"column":4},"end":{"line":49,"column":null}},"8":{"start":{"line":45,"column":6},"end":{"line":48,"column":8}},"9":{"start":{"line":50,"column":4},"end":{"line":50,"column":19}},"10":{"start":{"line":59,"column":4},"end":{"line":61,"column":null}},"11":{"start":{"line":60,"column":6},"end":{"line":60,"column":70}},"12":{"start":{"line":62,"column":4},"end":{"line":64,"column":null}},"13":{"start":{"line":63,"column":6},"end":{"line":63,"column":73}},"14":{"start":{"line":65,"column":4},"end":{"line":75,"column":6}},"15":{"start":{"line":83,"column":4},"end":{"line":85,"column":null}},"16":{"start":{"line":84,"column":6},"end":{"line":84,"column":70}},"17":{"start":{"line":86,"column":4},"end":{"line":88,"column":null}},"18":{"start":{"line":87,"column":6},"end":{"line":87,"column":69}},"19":{"start":{"line":89,"column":4},"end":{"line":93,"column":6}},"20":{"start":{"line":37,"column":2},"end":{"line":39,"column":null}},"21":{"start":{"line":42,"column":2},"end":{"line":51,"column":null}},"22":{"start":{"line":54,"column":2},"end":{"line":76,"column":null}},"23":{"start":{"line":79,"column":2},"end":{"line":94,"column":null}},"24":{"start":{"line":33,"column":13},"end":{"line":95,"column":null}},"25":{"start":{"line":33,"column":13},"end":{"line":33,"column":26}}},"fnMap":{"0":{"name":"(anonymous_4)","decl":{"start":{"line":34,"column":2},"end":{"line":34,"column":31}},"loc":{"start":{"line":34,"column":53},"end":{"line":34,"column":57}}},"1":{"name":"(anonymous_5)","decl":{"start":{"line":37,"column":2},"end":{"line":37,"column":10}},"loc":{"start":{"line":37,"column":10},"end":{"line":39,"column":3}}},"2":{"name":"(anonymous_6)","decl":{"start":{"line":42,"column":2},"end":{"line":42,"column":12}},"loc":{"start":{"line":42,"column":48},"end":{"line":51,"column":3}}},"3":{"name":"(anonymous_7)","decl":{"start":{"line":54,"column":2},"end":{"line":54,"column":7}},"loc":{"start":{"line":57,"column":51},"end":{"line":76,"column":3}}},"4":{"name":"(anonymous_8)","decl":{"start":{"line":79,"column":2},"end":{"line":79,"column":27}},"loc":{"start":{"line":81,"column":39},"end":{"line":94,"column":3}}}},"branchMap":{"0":{"loc":{"start":{"line":44,"column":4},"end":{"line":49,"column":null}},"type":"if","locations":[{"start":{"line":44,"column":4},"end":{"line":49,"column":null}},{"start":{"line":44,"column":4},"end":{"line":49,"column":null}}]},"1":{"loc":{"start":{"line":59,"column":4},"end":{"line":61,"column":null}},"type":"if","locations":[{"start":{"line":59,"column":4},"end":{"line":61,"column":null}},{"start":{"line":59,"column":4},"end":{"line":61,"column":null}}]},"2":{"loc":{"start":{"line":62,"column":4},"end":{"line":64,"column":null}},"type":"if","locations":[{"start":{"line":62,"column":4},"end":{"line":64,"column":null}},{"start":{"line":62,"column":4},"end":{"line":64,"column":null}}]},"3":{"loc":{"start":{"line":83,"column":4},"end":{"line":85,"column":null}},"type":"if","locations":[{"start":{"line":83,"column":4},"end":{"line":85,"column":null}},{"start":{"line":83,"column":4},"end":{"line":85,"column":null}}]},"4":{"loc":{"start":{"line":86,"column":4},"end":{"line":88,"column":null}},"type":"if","locations":[{"start":{"line":86,"column":4},"end":{"line":88,"column":null}},{"start":{"line":86,"column":4},"end":{"line":88,"column":null}}]}},"s":{"0":2,"1":2,"2":2,"3":2,"4":10,"5":1,"6":3,"7":3,"8":1,"9":2,"10":4,"11":1,"12":3,"13":1,"14":2,"15":5,"16":1,"17":4,"18":1,"19":3,"20":2,"21":2,"22":2,"23":2,"24":2,"25":2},"f":{"0":10,"1":1,"2":3,"3":4,"4":5},"b":{"0":[1,2],"1":[1,3],"2":[1,2],"3":[1,4],"4":[1,3]}}
,"/home/debora-bo/dev/student-api/src/app.module.ts": {"path":"/home/debora-bo/dev/student-api/src/app.module.ts","statementMap":{"0":{"start":{"line":1,"column":0},"end":{"line":1,"column":52}},"1":{"start":{"line":2,"column":0},"end":{"line":2,"column":49}},"2":{"start":{"line":3,"column":0},"end":{"line":3,"column":43}},"3":{"start":{"line":10,"column":0},"end":{"line":10,"column":null}},"4":{"start":{"line":10,"column":13},"end":{"line":10,"column":null}},"5":{"start":{"line":10,"column":13},"end":{"line":10,"column":22}}},"fnMap":{},"branchMap":{},"s":{"0":1,"1":1,"2":1,"3":1,"4":1,"5":1},"f":{},"b":{}}
,"/home/debora-bo/dev/student-api/src/app.service.ts": {"path":"/home/debora-bo/dev/student-api/src/app.service.ts","statementMap":{"0":{"start":{"line":1,"column":0},"end":{"line":1,"column":65}},"1":{"start":{"line":14,"column":0},"end":{"line":83,"column":null}},"2":{"start":{"line":15,"column":22},"end":{"line":15,"column":28}},"3":{"start":{"line":17,"column":4},"end":{"line":17,"column":26}},"4":{"start":{"line":21,"column":4},"end":{"line":21,"column":32}},"5":{"start":{"line":21,"column":19},"end":{"line":21,"column":32}},"6":{"start":{"line":22,"column":4},"end":{"line":24,"column":null}},"7":{"start":{"line":23,"column":6},"end":{"line":23,"column":65}},"8":{"start":{"line":23,"column":53},"end":{"line":23,"column":65}},"9":{"start":{"line":25,"column":4},"end":{"line":25,"column":17}},"10":{"start":{"line":29,"column":25},"end":{"line":29,"column":55}},"11":{"start":{"line":31,"column":4},"end":{"line":33,"column":49}},"12":{"start":{"line":32,"column":6},"end":{"line":32,"column":63}},"13":{"start":{"line":34,"column":4},"end":{"line":34,"column":29}},"14":{"start":{"line":41,"column":4},"end":{"line":41,"column":57}},"15":{"start":{"line":42,"column":4},"end":{"line":42,"column":33}},"16":{"start":{"line":43,"column":4},"end":{"line":43,"column":23}},"17":{"start":{"line":47,"column":4},"end":{"line":47,"column":31}},"18":{"start":{"line":47,"column":19},"end":{"line":47,"column":31}},"19":{"start":{"line":49,"column":4},"end":{"line":55,"column":null}},"20":{"start":{"line":50,"column":20},"end":{"line":50,"column":38}},"21":{"start":{"line":51,"column":6},"end":{"line":54,"column":null}},"22":{"start":{"line":52,"column":8},"end":{"line":52,"column":64}},"23":{"start":{"line":53,"column":8},"end":{"line":53,"column":23}},"24":{"start":{"line":56,"column":4},"end":{"line":56,"column":16}},"25":{"start":{"line":60,"column":4},"end":{"line":60,"column":31}},"26":{"start":{"line":60,"column":19},"end":{"line":60,"column":31}},"27":{"start":{"line":61,"column":4},"end":{"line":68,"column":null}},"28":{"start":{"line":62,"column":22},"end":{"line":62,"column":40}},"29":{"start":{"line":63,"column":6},"end":{"line":67,"column":null}},"30":{"start":{"line":64,"column":8},"end":{"line":64,"column":50}},"31":{"start":{"line":65,"column":8},"end":{"line":65,"column":64}},"32":{"start":{"line":66,"column":8},"end":{"line":66,"column":27}},"33":{"start":{"line":69,"column":4},"end":{"line":69,"column":16}},"34":{"start":{"line":73,"column":4},"end":{"line":73,"column":44}},"35":{"start":{"line":73,"column":35},"end":{"line":73,"column":44}},"36":{"start":{"line":75,"column":22},"end":{"line":75,"column":23}},"37":{"start":{"line":77,"column":4},"end":{"line":79,"column":null}},"38":{"start":{"line":78,"column":6},"end":{"line":78,"column":35}},"39":{"start":{"line":81,"column":4},"end":{"line":81,"column":38}},"40":{"start":{"line":14,"column":13},"end":{"line":83,"column":null}},"41":{"start":{"line":14,"column":13},"end":{"line":14,"column":23}}},"fnMap":{"0":{"name":"(anonymous_2)","decl":{"start":{"line":15,"column":2},"end":{"line":15,"column":22}},"loc":{"start":{"line":15,"column":39},"end":{"line":15,"column":43}}},"1":{"name":"(anonymous_3)","decl":{"start":{"line":16,"column":2},"end":{"line":16,"column":10}},"loc":{"start":{"line":16,"column":10},"end":{"line":18,"column":3}}},"2":{"name":"(anonymous_4)","decl":{"start":{"line":20,"column":2},"end":{"line":20,"column":17}},"loc":{"start":{"line":20,"column":58},"end":{"line":26,"column":3}}},"3":{"name":"(anonymous_5)","decl":{"start":{"line":28,"column":2},"end":{"line":28,"column":7}},"loc":{"start":{"line":28,"column":24},"end":{"line":35,"column":3}}},"4":{"name":"(anonymous_6)","decl":{"start":{"line":37,"column":2},"end":{"line":37,"column":7}},"loc":{"start":{"line":39,"column":26},"end":{"line":44,"column":3}}},"5":{"name":"(anonymous_7)","decl":{"start":{"line":46,"column":2},"end":{"line":46,"column":12}},"loc":{"start":{"line":46,"column":34},"end":{"line":57,"column":3}}},"6":{"name":"(anonymous_8)","decl":{"start":{"line":59,"column":2},"end":{"line":59,"column":28}},"loc":{"start":{"line":59,"column":60},"end":{"line":70,"column":3}}},"7":{"name":"(anonymous_9)","decl":{"start":{"line":72,"column":2},"end":{"line":72,"column":18}},"loc":{"start":{"line":72,"column":35},"end":{"line":82,"column":3}}}},"branchMap":{"0":{"loc":{"start":{"line":21,"column":4},"end":{"line":21,"column":32}},"type":"if","locations":[{"start":{"line":21,"column":4},"end":{"line":21,"column":32}},{"start":{"line":21,"column":4},"end":{"line":21,"column":32}}]},"1":{"loc":{"start":{"line":23,"column":6},"end":{"line":23,"column":65}},"type":"if","locations":[{"start":{"line":23,"column":6},"end":{"line":23,"column":65}},{"start":{"line":23,"column":6},"end":{"line":23,"column":65}}]},"2":{"loc":{"start":{"line":47,"column":4},"end":{"line":47,"column":31}},"type":"if","locations":[{"start":{"line":47,"column":4},"end":{"line":47,"column":31}},{"start":{"line":47,"column":4},"end":{"line":47,"column":31}}]},"3":{"loc":{"start":{"line":51,"column":6},"end":{"line":54,"column":null}},"type":"if","locations":[{"start":{"line":51,"column":6},"end":{"line":54,"column":null}},{"start":{"line":51,"column":6},"end":{"line":54,"column":null}}]},"4":{"loc":{"start":{"line":60,"column":4},"end":{"line":60,"column":31}},"type":"if","locations":[{"start":{"line":60,"column":4},"end":{"line":60,"column":31}},{"start":{"line":60,"column":4},"end":{"line":60,"column":31}}]},"5":{"loc":{"start":{"line":63,"column":6},"end":{"line":67,"column":null}},"type":"if","locations":[{"start":{"line":63,"column":6},"end":{"line":67,"column":null}},{"start":{"line":63,"column":6},"end":{"line":67,"column":null}}]},"6":{"loc":{"start":{"line":73,"column":4},"end":{"line":73,"column":44}},"type":"if","locations":[{"start":{"line":73,"column":4},"end":{"line":73,"column":44}},{"start":{"line":73,"column":4},"end":{"line":73,"column":44}}]},"7":{"loc":{"start":{"line":73,"column":8},"end":{"line":73,"column":15}},"type":"binary-expr","locations":[{"start":{"line":73,"column":8},"end":{"line":73,"column":15}},{"start":{"line":73,"column":19},"end":{"line":73,"column":33}}]}},"s":{"0":3,"1":3,"2":12,"3":1,"4":10,"5":1,"6":9,"7":19,"8":5,"9":4,"10":2,"11":2,"12":3,"13":2,"14":2,"15":2,"16":2,"17":4,"18":1,"19":3,"20":6,"21":6,"22":2,"23":2,"24":1,"25":5,"26":1,"27":4,"28":9,"29":9,"30":3,"31":3,"32":3,"33":1,"34":8,"35":2,"36":6,"37":6,"38":20,"39":6,"40":3,"41":3},"f":{"0":12,"1":1,"2":10,"3":2,"4":2,"5":4,"6":5,"7":8},"b":{"0":[1,9],"1":[5,14],"2":[1,3],"3":[2,4],"4":[1,4],"5":[3,6],"6":[2,6],"7":[8,7]}}
}
