TN:
SF:/home/debora-bo/dev/student-api/src/app.controller.ts
FN:34,(anonymous_4)
FN:37,(anonymous_5)
FN:42,(anonymous_6)
FN:54,(anonymous_7)
FN:79,(anonymous_8)
FNF:5
FNH:5
FNDA:10,(anonymous_4)
FNDA:1,(anonymous_5)
FNDA:3,(anonymous_6)
FNDA:4,(anonymous_7)
FNDA:5,(anonymous_8)
DA:1,2
DA:2,2
DA:13,2
DA:33,2
DA:34,10
DA:37,2
DA:38,1
DA:42,2
DA:43,3
DA:44,3
DA:45,1
DA:50,2
DA:54,2
DA:59,4
DA:60,1
DA:62,3
DA:63,1
DA:65,2
DA:79,2
DA:83,5
DA:84,1
DA:86,4
DA:87,1
DA:89,3
LF:24
LH:24
BRDA:44,0,0,1
BRDA:44,0,1,2
BRDA:59,1,0,1
BRDA:59,1,1,3
BRDA:62,2,0,1
BRDA:62,2,1,2
BRDA:83,3,0,1
BRDA:83,3,1,4
BRDA:86,4,0,1
BRDA:86,4,1,3
BRF:10
BRH:10
end_of_record
TN:
SF:/home/debora-bo/dev/student-api/src/app.module.ts
FNF:0
FNH:0
DA:1,1
DA:2,1
DA:3,1
DA:10,1
LF:4
LH:4
BRF:0
BRH:0
end_of_record
TN:
SF:/home/debora-bo/dev/student-api/src/app.service.ts
FN:15,(anonymous_2)
FN:16,(anonymous_3)
FN:20,(anonymous_4)
FN:28,(anonymous_5)
FN:37,(anonymous_6)
FN:46,(anonymous_7)
FN:59,(anonymous_8)
FN:72,(anonymous_9)
FNF:8
FNH:8
FNDA:12,(anonymous_2)
FNDA:1,(anonymous_3)
FNDA:10,(anonymous_4)
FNDA:2,(anonymous_5)
FNDA:2,(anonymous_6)
FNDA:4,(anonymous_7)
FNDA:5,(anonymous_8)
FNDA:8,(anonymous_9)
DA:1,3
DA:14,3
DA:15,12
DA:17,1
DA:21,10
DA:22,9
DA:23,19
DA:25,4
DA:29,2
DA:31,2
DA:32,3
DA:34,2
DA:41,2
DA:42,2
DA:43,2
DA:47,4
DA:49,3
DA:50,6
DA:51,6
DA:52,2
DA:53,2
DA:56,1
DA:60,5
DA:61,4
DA:62,9
DA:63,9
DA:64,3
DA:65,3
DA:66,3
DA:69,1
DA:73,8
DA:75,6
DA:77,6
DA:78,20
DA:81,6
LF:35
LH:35
BRDA:21,0,0,1
BRDA:21,0,1,9
BRDA:23,1,0,5
BRDA:23,1,1,14
BRDA:47,2,0,1
BRDA:47,2,1,3
BRDA:51,3,0,2
BRDA:51,3,1,4
BRDA:60,4,0,1
BRDA:60,4,1,4
BRDA:63,5,0,3
BRDA:63,5,1,6
BRDA:73,6,0,2
BRDA:73,6,1,6
BRDA:73,7,0,8
BRDA:73,7,1,7
BRF:16
BRH:16
end_of_record
